{"/home/ridho/Documents/Hacktiv8/helsinki-fox/Phase 3/Final-Project/server/app.js": {"path":"/home/ridho/Documents/Hacktiv8/helsinki-fox/Phase 3/Final-Project/server/app.js","statementMap":{"0":{"start":{"line":1,"column":0},"end":{"line":3,"column":1}},"1":{"start":{"line":2,"column":2},"end":{"line":2,"column":29}},"2":{"start":{"line":5,"column":16},"end":{"line":5,"column":34}},"3":{"start":{"line":6,"column":12},"end":{"line":6,"column":21}},"4":{"start":{"line":7,"column":13},"end":{"line":7,"column":28}},"5":{"start":{"line":8,"column":15},"end":{"line":8,"column":34}},"6":{"start":{"line":9,"column":21},"end":{"line":9,"column":58}},"7":{"start":{"line":11,"column":0},"end":{"line":11,"column":16}},"8":{"start":{"line":12,"column":0},"end":{"line":12,"column":24}},"9":{"start":{"line":13,"column":0},"end":{"line":13,"column":49}},"10":{"start":{"line":15,"column":0},"end":{"line":15,"column":16}},"11":{"start":{"line":16,"column":0},"end":{"line":16,"column":22}},"12":{"start":{"line":18,"column":0},"end":{"line":18,"column":21}}},"fnMap":{},"branchMap":{"0":{"loc":{"start":{"line":1,"column":0},"end":{"line":3,"column":1}},"type":"if","locations":[{"start":{"line":1,"column":0},"end":{"line":3,"column":1}},{"start":{"line":1,"column":0},"end":{"line":3,"column":1}}],"line":1}},"s":{"0":2,"1":2,"2":2,"3":2,"4":2,"5":2,"6":2,"7":2,"8":2,"9":2,"10":2,"11":2,"12":2},"f":{},"b":{"0":[2,0]},"_coverageSchema":"1a1c01bbd47fc00a2c39e90264f33305004495a9","hash":"74a30ded530a1cd71463c7c32bc02680a9992794"}
,"/home/ridho/Documents/Hacktiv8/helsinki-fox/Phase 3/Final-Project/server/config/config.js": {"path":"/home/ridho/Documents/Hacktiv8/helsinki-fox/Phase 3/Final-Project/server/config/config.js","statementMap":{"0":{"start":{"line":1,"column":0},"end":{"line":3,"column":1}},"1":{"start":{"line":2,"column":2},"end":{"line":2,"column":29}},"2":{"start":{"line":5,"column":0},"end":{"line":27,"column":2}}},"fnMap":{},"branchMap":{"0":{"loc":{"start":{"line":1,"column":0},"end":{"line":3,"column":1}},"type":"if","locations":[{"start":{"line":1,"column":0},"end":{"line":3,"column":1}},{"start":{"line":1,"column":0},"end":{"line":3,"column":1}}],"line":1}},"s":{"0":2,"1":2,"2":2},"f":{},"b":{"0":[2,0]},"_coverageSchema":"1a1c01bbd47fc00a2c39e90264f33305004495a9","hash":"b7dad78cc6c39cb9c1302a42b57d7d498353ace0"}
,"/home/ridho/Documents/Hacktiv8/helsinki-fox/Phase 3/Final-Project/server/controllers/authController.js": {"path":"/home/ridho/Documents/Hacktiv8/helsinki-fox/Phase 3/Final-Project/server/controllers/authController.js","statementMap":{"0":{"start":{"line":1,"column":17},"end":{"line":1,"column":37}},"1":{"start":{"line":2,"column":28},"end":{"line":2,"column":56}},"2":{"start":{"line":3,"column":26},"end":{"line":3,"column":51}},"3":{"start":{"line":5,"column":0},"end":{"line":61,"column":2}},"4":{"start":{"line":7,"column":51},"end":{"line":7,"column":59}},"5":{"start":{"line":8,"column":4},"end":{"line":19,"column":9}},"6":{"start":{"line":10,"column":8},"end":{"line":15,"column":11}},"7":{"start":{"line":18,"column":8},"end":{"line":18,"column":18}},"8":{"start":{"line":23,"column":32},"end":{"line":23,"column":40}},"9":{"start":{"line":24,"column":4},"end":{"line":47,"column":9}},"10":{"start":{"line":28,"column":8},"end":{"line":43,"column":9}},"11":{"start":{"line":29,"column":24},"end":{"line":34,"column":11}},"12":{"start":{"line":35,"column":31},"end":{"line":35,"column":53}},"13":{"start":{"line":36,"column":10},"end":{"line":36,"column":49}},"14":{"start":{"line":38,"column":10},"end":{"line":42,"column":12}},"15":{"start":{"line":46,"column":8},"end":{"line":46,"column":18}},"16":{"start":{"line":51,"column":4},"end":{"line":59,"column":9}},"17":{"start":{"line":53,"column":43},"end":{"line":53,"column":47}},"18":{"start":{"line":54,"column":23},"end":{"line":54,"column":49}},"19":{"start":{"line":55,"column":8},"end":{"line":55,"column":37}},"20":{"start":{"line":58,"column":8},"end":{"line":58,"column":18}}},"fnMap":{"0":{"name":"(anonymous_0)","decl":{"start":{"line":6,"column":2},"end":{"line":6,"column":3}},"loc":{"start":{"line":6,"column":34},"end":{"line":20,"column":3}},"line":6},"1":{"name":"(anonymous_1)","decl":{"start":{"line":9,"column":12},"end":{"line":9,"column":13}},"loc":{"start":{"line":9,"column":25},"end":{"line":16,"column":7}},"line":9},"2":{"name":"(anonymous_2)","decl":{"start":{"line":17,"column":13},"end":{"line":17,"column":14}},"loc":{"start":{"line":17,"column":22},"end":{"line":19,"column":7}},"line":17},"3":{"name":"(anonymous_3)","decl":{"start":{"line":22,"column":2},"end":{"line":22,"column":3}},"loc":{"start":{"line":22,"column":31},"end":{"line":48,"column":3}},"line":22},"4":{"name":"(anonymous_4)","decl":{"start":{"line":27,"column":12},"end":{"line":27,"column":13}},"loc":{"start":{"line":27,"column":22},"end":{"line":44,"column":7}},"line":27},"5":{"name":"(anonymous_5)","decl":{"start":{"line":45,"column":13},"end":{"line":45,"column":14}},"loc":{"start":{"line":45,"column":22},"end":{"line":47,"column":7}},"line":45},"6":{"name":"(anonymous_6)","decl":{"start":{"line":50,"column":2},"end":{"line":50,"column":3}},"loc":{"start":{"line":50,"column":37},"end":{"line":60,"column":3}},"line":50},"7":{"name":"(anonymous_7)","decl":{"start":{"line":52,"column":12},"end":{"line":52,"column":13}},"loc":{"start":{"line":52,"column":22},"end":{"line":56,"column":7}},"line":52},"8":{"name":"(anonymous_8)","decl":{"start":{"line":57,"column":13},"end":{"line":57,"column":14}},"loc":{"start":{"line":57,"column":22},"end":{"line":59,"column":7}},"line":57}},"branchMap":{"0":{"loc":{"start":{"line":28,"column":8},"end":{"line":43,"column":9}},"type":"if","locations":[{"start":{"line":28,"column":8},"end":{"line":43,"column":9}},{"start":{"line":28,"column":8},"end":{"line":43,"column":9}}],"line":28},"1":{"loc":{"start":{"line":28,"column":12},"end":{"line":28,"column":60}},"type":"binary-expr","locations":[{"start":{"line":28,"column":12},"end":{"line":28,"column":16}},{"start":{"line":28,"column":20},"end":{"line":28,"column":60}}],"line":28}},"s":{"0":2,"1":2,"2":2,"3":2,"4":13,"5":13,"6":1,"7":12,"8":3,"9":3,"10":3,"11":1,"12":1,"13":1,"14":2,"15":2,"16":0,"17":0,"18":0,"19":0,"20":0},"f":{"0":13,"1":1,"2":12,"3":3,"4":3,"5":2,"6":0,"7":0,"8":0},"b":{"0":[1,2],"1":[3,2]},"_coverageSchema":"1a1c01bbd47fc00a2c39e90264f33305004495a9","hash":"ccb22fbb50c88267c61f9db30532048f36d02065"}
,"/home/ridho/Documents/Hacktiv8/helsinki-fox/Phase 3/Final-Project/server/controllers/bandController.js": {"path":"/home/ridho/Documents/Hacktiv8/helsinki-fox/Phase 3/Final-Project/server/controllers/bandController.js","statementMap":{"0":{"start":{"line":1,"column":35},"end":{"line":1,"column":55}},"1":{"start":{"line":3,"column":0},"end":{"line":78,"column":2}},"2":{"start":{"line":5,"column":4},"end":{"line":11,"column":9}},"3":{"start":{"line":7,"column":8},"end":{"line":7,"column":40}},"4":{"start":{"line":10,"column":8},"end":{"line":10,"column":18}},"5":{"start":{"line":15,"column":19},"end":{"line":15,"column":29}},"6":{"start":{"line":16,"column":4},"end":{"line":28,"column":9}},"7":{"start":{"line":18,"column":8},"end":{"line":23,"column":12}},"8":{"start":{"line":19,"column":10},"end":{"line":23,"column":12}},"9":{"start":{"line":24,"column":8},"end":{"line":24,"column":35}},"10":{"start":{"line":27,"column":8},"end":{"line":27,"column":18}},"11":{"start":{"line":32,"column":19},"end":{"line":32,"column":30}},"12":{"start":{"line":33,"column":57},"end":{"line":33,"column":65}},"13":{"start":{"line":34,"column":18},"end":{"line":34,"column":20}},"14":{"start":{"line":35,"column":4},"end":{"line":49,"column":9}},"15":{"start":{"line":37,"column":8},"end":{"line":37,"column":34}},"16":{"start":{"line":38,"column":27},"end":{"line":40,"column":10}},"17":{"start":{"line":39,"column":10},"end":{"line":39,"column":49}},"18":{"start":{"line":41,"column":8},"end":{"line":41,"column":48}},"19":{"start":{"line":44,"column":26},"end":{"line":44,"column":55}},"20":{"start":{"line":45,"column":8},"end":{"line":45,"column":50}},"21":{"start":{"line":48,"column":8},"end":{"line":48,"column":18}},"22":{"start":{"line":53,"column":57},"end":{"line":53,"column":65}},"23":{"start":{"line":54,"column":19},"end":{"line":54,"column":30}},"24":{"start":{"line":56,"column":4},"end":{"line":76,"column":9}},"25":{"start":{"line":62,"column":8},"end":{"line":62,"column":31}},"26":{"start":{"line":63,"column":8},"end":{"line":63,"column":64}},"27":{"start":{"line":66,"column":29},"end":{"line":68,"column":10}},"28":{"start":{"line":67,"column":10},"end":{"line":67,"column":48}},"29":{"start":{"line":69,"column":8},"end":{"line":69,"column":50}},"30":{"start":{"line":72,"column":8},"end":{"line":72,"column":68}},"31":{"start":{"line":75,"column":8},"end":{"line":75,"column":18}}},"fnMap":{"0":{"name":"(anonymous_0)","decl":{"start":{"line":4,"column":2},"end":{"line":4,"column":3}},"loc":{"start":{"line":4,"column":33},"end":{"line":12,"column":3}},"line":4},"1":{"name":"(anonymous_1)","decl":{"start":{"line":6,"column":12},"end":{"line":6,"column":13}},"loc":{"start":{"line":6,"column":23},"end":{"line":8,"column":7}},"line":6},"2":{"name":"(anonymous_2)","decl":{"start":{"line":9,"column":13},"end":{"line":9,"column":14}},"loc":{"start":{"line":9,"column":22},"end":{"line":11,"column":7}},"line":9},"3":{"name":"(anonymous_3)","decl":{"start":{"line":14,"column":2},"end":{"line":14,"column":3}},"loc":{"start":{"line":14,"column":30},"end":{"line":29,"column":3}},"line":14},"4":{"name":"(anonymous_4)","decl":{"start":{"line":17,"column":12},"end":{"line":17,"column":13}},"loc":{"start":{"line":17,"column":22},"end":{"line":25,"column":7}},"line":17},"5":{"name":"(anonymous_5)","decl":{"start":{"line":26,"column":13},"end":{"line":26,"column":14}},"loc":{"start":{"line":26,"column":22},"end":{"line":28,"column":7}},"line":26},"6":{"name":"(anonymous_6)","decl":{"start":{"line":31,"column":2},"end":{"line":31,"column":3}},"loc":{"start":{"line":31,"column":39},"end":{"line":50,"column":3}},"line":31},"7":{"name":"(anonymous_7)","decl":{"start":{"line":36,"column":12},"end":{"line":36,"column":13}},"loc":{"start":{"line":36,"column":22},"end":{"line":42,"column":7}},"line":36},"8":{"name":"(anonymous_8)","decl":{"start":{"line":38,"column":37},"end":{"line":38,"column":38}},"loc":{"start":{"line":38,"column":44},"end":{"line":40,"column":9}},"line":38},"9":{"name":"(anonymous_9)","decl":{"start":{"line":43,"column":12},"end":{"line":43,"column":13}},"loc":{"start":{"line":43,"column":24},"end":{"line":46,"column":7}},"line":43},"10":{"name":"(anonymous_10)","decl":{"start":{"line":47,"column":13},"end":{"line":47,"column":14}},"loc":{"start":{"line":47,"column":22},"end":{"line":49,"column":7}},"line":47},"11":{"name":"(anonymous_11)","decl":{"start":{"line":52,"column":2},"end":{"line":52,"column":3}},"loc":{"start":{"line":52,"column":39},"end":{"line":77,"column":3}},"line":52},"12":{"name":"(anonymous_12)","decl":{"start":{"line":60,"column":12},"end":{"line":60,"column":13}},"loc":{"start":{"line":60,"column":22},"end":{"line":64,"column":7}},"line":60},"13":{"name":"(anonymous_13)","decl":{"start":{"line":65,"column":12},"end":{"line":65,"column":13}},"loc":{"start":{"line":65,"column":19},"end":{"line":70,"column":7}},"line":65},"14":{"name":"(anonymous_14)","decl":{"start":{"line":66,"column":39},"end":{"line":66,"column":40}},"loc":{"start":{"line":66,"column":46},"end":{"line":68,"column":9}},"line":66},"15":{"name":"(anonymous_15)","decl":{"start":{"line":71,"column":12},"end":{"line":71,"column":13}},"loc":{"start":{"line":71,"column":19},"end":{"line":73,"column":7}},"line":71},"16":{"name":"(anonymous_16)","decl":{"start":{"line":74,"column":13},"end":{"line":74,"column":14}},"loc":{"start":{"line":74,"column":22},"end":{"line":76,"column":7}},"line":74}},"branchMap":{"0":{"loc":{"start":{"line":18,"column":8},"end":{"line":23,"column":12}},"type":"if","locations":[{"start":{"line":18,"column":8},"end":{"line":23,"column":12}},{"start":{"line":18,"column":8},"end":{"line":23,"column":12}}],"line":18}},"s":{"0":2,"1":2,"2":1,"3":1,"4":0,"5":2,"6":2,"7":2,"8":1,"9":1,"10":1,"11":2,"12":2,"13":2,"14":2,"15":1,"16":1,"17":2,"18":1,"19":1,"20":1,"21":1,"22":2,"23":2,"24":2,"25":1,"26":1,"27":1,"28":1,"29":1,"30":1,"31":1},"f":{"0":1,"1":1,"2":0,"3":2,"4":2,"5":1,"6":2,"7":1,"8":2,"9":1,"10":1,"11":2,"12":1,"13":1,"14":1,"15":1,"16":1},"b":{"0":[1,1]},"_coverageSchema":"1a1c01bbd47fc00a2c39e90264f33305004495a9","hash":"ab7c6495ce260197e998af796afdcbded7259c9f"}
,"/home/ridho/Documents/Hacktiv8/helsinki-fox/Phase 3/Final-Project/server/helpers/bcrypt.js": {"path":"/home/ridho/Documents/Hacktiv8/helsinki-fox/Phase 3/Final-Project/server/helpers/bcrypt.js","statementMap":{"0":{"start":{"line":1,"column":15},"end":{"line":1,"column":34}},"1":{"start":{"line":4,"column":13},"end":{"line":4,"column":35}},"2":{"start":{"line":5,"column":2},"end":{"line":5,"column":41}},"3":{"start":{"line":9,"column":2},"end":{"line":9,"column":52}},"4":{"start":{"line":12,"column":0},"end":{"line":12,"column":51}}},"fnMap":{"0":{"name":"hashPassword","decl":{"start":{"line":3,"column":9},"end":{"line":3,"column":21}},"loc":{"start":{"line":3,"column":32},"end":{"line":6,"column":1}},"line":3},"1":{"name":"comparePassword","decl":{"start":{"line":8,"column":9},"end":{"line":8,"column":24}},"loc":{"start":{"line":8,"column":49},"end":{"line":10,"column":1}},"line":8}},"branchMap":{},"s":{"0":2,"1":5,"2":5,"3":2,"4":2},"f":{"0":5,"1":2},"b":{},"_coverageSchema":"1a1c01bbd47fc00a2c39e90264f33305004495a9","hash":"394f43cc6b39962b665983939f4ec3003bdcfda8"}
,"/home/ridho/Documents/Hacktiv8/helsinki-fox/Phase 3/Final-Project/server/helpers/jwt.js": {"path":"/home/ridho/Documents/Hacktiv8/helsinki-fox/Phase 3/Final-Project/server/helpers/jwt.js","statementMap":{"0":{"start":{"line":1,"column":12},"end":{"line":1,"column":35}},"1":{"start":{"line":4,"column":2},"end":{"line":4,"column":51}},"2":{"start":{"line":8,"column":2},"end":{"line":8,"column":51}},"3":{"start":{"line":11,"column":0},"end":{"line":11,"column":48}}},"fnMap":{"0":{"name":"generateToken","decl":{"start":{"line":3,"column":9},"end":{"line":3,"column":22}},"loc":{"start":{"line":3,"column":32},"end":{"line":5,"column":1}},"line":3},"1":{"name":"verifyToken","decl":{"start":{"line":7,"column":9},"end":{"line":7,"column":20}},"loc":{"start":{"line":7,"column":28},"end":{"line":9,"column":1}},"line":7}},"branchMap":{},"s":{"0":2,"1":3,"2":8,"3":2},"f":{"0":3,"1":8},"b":{},"_coverageSchema":"1a1c01bbd47fc00a2c39e90264f33305004495a9","hash":"22c8a8118c5bcd123b36d1ab225eefae1bdc5645"}
,"/home/ridho/Documents/Hacktiv8/helsinki-fox/Phase 3/Final-Project/server/middlewares/authentication.js": {"path":"/home/ridho/Documents/Hacktiv8/helsinki-fox/Phase 3/Final-Project/server/middlewares/authentication.js","statementMap":{"0":{"start":{"line":1,"column":24},"end":{"line":1,"column":49}},"1":{"start":{"line":3,"column":21},"end":{"line":13,"column":1}},"2":{"start":{"line":4,"column":2},"end":{"line":12,"column":3}},"3":{"start":{"line":5,"column":20},"end":{"line":5,"column":57}},"4":{"start":{"line":6,"column":4},"end":{"line":6,"column":25}},"5":{"start":{"line":7,"column":4},"end":{"line":7,"column":10}},"6":{"start":{"line":10,"column":19},"end":{"line":10,"column":81}},"7":{"start":{"line":11,"column":4},"end":{"line":11,"column":16}},"8":{"start":{"line":15,"column":0},"end":{"line":15,"column":33}}},"fnMap":{"0":{"name":"(anonymous_0)","decl":{"start":{"line":3,"column":21},"end":{"line":3,"column":22}},"loc":{"start":{"line":3,"column":47},"end":{"line":13,"column":1}},"line":3}},"branchMap":{},"s":{"0":2,"1":2,"2":8,"3":8,"4":6,"5":6,"6":2,"7":2,"8":2},"f":{"0":8},"b":{},"_coverageSchema":"1a1c01bbd47fc00a2c39e90264f33305004495a9","hash":"91082bf7999ba2b02c451bc2861883595c4161da"}
,"/home/ridho/Documents/Hacktiv8/helsinki-fox/Phase 3/Final-Project/server/middlewares/authorize.js": {"path":"/home/ridho/Documents/Hacktiv8/helsinki-fox/Phase 3/Final-Project/server/middlewares/authorize.js","statementMap":{"0":{"start":{"line":1,"column":17},"end":{"line":1,"column":38}},"1":{"start":{"line":3,"column":22},"end":{"line":22,"column":1}},"2":{"start":{"line":4,"column":2},"end":{"line":21,"column":7}},"3":{"start":{"line":6,"column":6},"end":{"line":17,"column":7}},"4":{"start":{"line":7,"column":8},"end":{"line":7,"column":78}},"5":{"start":{"line":9,"column":8},"end":{"line":16,"column":9}},"6":{"start":{"line":9,"column":48},"end":{"line":9,"column":55}},"7":{"start":{"line":11,"column":10},"end":{"line":15,"column":12}},"8":{"start":{"line":20,"column":6},"end":{"line":20,"column":16}},"9":{"start":{"line":24,"column":0},"end":{"line":24,"column":35}}},"fnMap":{"0":{"name":"(anonymous_0)","decl":{"start":{"line":3,"column":22},"end":{"line":3,"column":23}},"loc":{"start":{"line":3,"column":48},"end":{"line":22,"column":1}},"line":3},"1":{"name":"(anonymous_1)","decl":{"start":{"line":5,"column":10},"end":{"line":5,"column":11}},"loc":{"start":{"line":5,"column":20},"end":{"line":18,"column":5}},"line":5},"2":{"name":"(anonymous_2)","decl":{"start":{"line":19,"column":11},"end":{"line":19,"column":12}},"loc":{"start":{"line":19,"column":20},"end":{"line":21,"column":5}},"line":19}},"branchMap":{"0":{"loc":{"start":{"line":6,"column":6},"end":{"line":17,"column":7}},"type":"if","locations":[{"start":{"line":6,"column":6},"end":{"line":17,"column":7}},{"start":{"line":6,"column":6},"end":{"line":17,"column":7}}],"line":6},"1":{"loc":{"start":{"line":9,"column":8},"end":{"line":16,"column":9}},"type":"if","locations":[{"start":{"line":9,"column":8},"end":{"line":16,"column":9}},{"start":{"line":9,"column":8},"end":{"line":16,"column":9}}],"line":9}},"s":{"0":2,"1":2,"2":6,"3":6,"4":0,"5":6,"6":4,"7":2,"8":2,"9":2},"f":{"0":6,"1":6,"2":2},"b":{"0":[0,6],"1":[4,2]},"_coverageSchema":"1a1c01bbd47fc00a2c39e90264f33305004495a9","hash":"b36e66140b0c0d0ca8c95f12c20970a124ee4f97"}
,"/home/ridho/Documents/Hacktiv8/helsinki-fox/Phase 3/Final-Project/server/middlewares/errorHandler.js": {"path":"/home/ridho/Documents/Hacktiv8/helsinki-fox/Phase 3/Final-Project/server/middlewares/errorHandler.js","statementMap":{"0":{"start":{"line":1,"column":0},"end":{"line":16,"column":1}},"1":{"start":{"line":2,"column":2},"end":{"line":15,"column":3}},"2":{"start":{"line":3,"column":19},"end":{"line":3,"column":51}},"3":{"start":{"line":3,"column":40},"end":{"line":3,"column":50}},"4":{"start":{"line":4,"column":4},"end":{"line":6,"column":6}},"5":{"start":{"line":7,"column":8},"end":{"line":15,"column":3}},"6":{"start":{"line":8,"column":4},"end":{"line":10,"column":6}},"7":{"start":{"line":12,"column":4},"end":{"line":14,"column":6}}},"fnMap":{"0":{"name":"(anonymous_0)","decl":{"start":{"line":1,"column":17},"end":{"line":1,"column":18}},"loc":{"start":{"line":1,"column":39},"end":{"line":16,"column":1}},"line":1},"1":{"name":"(anonymous_1)","decl":{"start":{"line":3,"column":34},"end":{"line":3,"column":35}},"loc":{"start":{"line":3,"column":40},"end":{"line":3,"column":50}},"line":3}},"branchMap":{"0":{"loc":{"start":{"line":2,"column":2},"end":{"line":15,"column":3}},"type":"if","locations":[{"start":{"line":2,"column":2},"end":{"line":15,"column":3}},{"start":{"line":2,"column":2},"end":{"line":15,"column":3}}],"line":2},"1":{"loc":{"start":{"line":2,"column":5},"end":{"line":2,"column":93}},"type":"binary-expr","locations":[{"start":{"line":2,"column":5},"end":{"line":2,"column":50}},{"start":{"line":2,"column":54},"end":{"line":2,"column":93}}],"line":2},"2":{"loc":{"start":{"line":7,"column":8},"end":{"line":15,"column":3}},"type":"if","locations":[{"start":{"line":7,"column":8},"end":{"line":15,"column":3}},{"start":{"line":7,"column":8},"end":{"line":15,"column":3}}],"line":7}},"s":{"0":2,"1":21,"2":14,"3":21,"4":14,"5":7,"6":7,"7":0},"f":{"0":21,"1":21},"b":{"0":[14,7],"1":[21,20],"2":[7,0]},"_coverageSchema":"1a1c01bbd47fc00a2c39e90264f33305004495a9","hash":"4b3d8f345db8fd6a6292ff5e375860628f0b9526"}
,"/home/ridho/Documents/Hacktiv8/helsinki-fox/Phase 3/Final-Project/server/models/band.js": {"path":"/home/ridho/Documents/Hacktiv8/helsinki-fox/Phase 3/Final-Project/server/models/band.js","statementMap":{"0":{"start":{"line":2,"column":18},"end":{"line":2,"column":38}},"1":{"start":{"line":3,"column":0},"end":{"line":55,"column":2}},"2":{"start":{"line":12,"column":6},"end":{"line":12,"column":70}},"3":{"start":{"line":15,"column":2},"end":{"line":52,"column":4}},"4":{"start":{"line":54,"column":2},"end":{"line":54,"column":14}}},"fnMap":{"0":{"name":"(anonymous_0)","decl":{"start":{"line":3,"column":17},"end":{"line":3,"column":18}},"loc":{"start":{"line":3,"column":43},"end":{"line":55,"column":1}},"line":3},"1":{"name":"(anonymous_1)","decl":{"start":{"line":10,"column":4},"end":{"line":10,"column":5}},"loc":{"start":{"line":10,"column":29},"end":{"line":13,"column":5}},"line":10}},"branchMap":{},"s":{"0":2,"1":2,"2":2,"3":2,"4":2},"f":{"0":2,"1":2},"b":{},"_coverageSchema":"1a1c01bbd47fc00a2c39e90264f33305004495a9","hash":"598c6c027bf1f8f471ab8b2db5c14e2171f0a576"}
,"/home/ridho/Documents/Hacktiv8/helsinki-fox/Phase 3/Final-Project/server/models/bandgenre.js": {"path":"/home/ridho/Documents/Hacktiv8/helsinki-fox/Phase 3/Final-Project/server/models/bandgenre.js","statementMap":{"0":{"start":{"line":2,"column":18},"end":{"line":2,"column":38}},"1":{"start":{"line":3,"column":0},"end":{"line":35,"column":2}},"2":{"start":{"line":12,"column":6},"end":{"line":12,"column":39}},"3":{"start":{"line":13,"column":6},"end":{"line":13,"column":40}},"4":{"start":{"line":16,"column":2},"end":{"line":33,"column":4}},"5":{"start":{"line":34,"column":2},"end":{"line":34,"column":19}}},"fnMap":{"0":{"name":"(anonymous_0)","decl":{"start":{"line":3,"column":17},"end":{"line":3,"column":18}},"loc":{"start":{"line":3,"column":43},"end":{"line":35,"column":1}},"line":3},"1":{"name":"(anonymous_1)","decl":{"start":{"line":10,"column":4},"end":{"line":10,"column":5}},"loc":{"start":{"line":10,"column":29},"end":{"line":14,"column":5}},"line":10}},"branchMap":{},"s":{"0":2,"1":2,"2":2,"3":2,"4":2,"5":2},"f":{"0":2,"1":2},"b":{},"_coverageSchema":"1a1c01bbd47fc00a2c39e90264f33305004495a9","hash":"8c59cff47544be6a96de7973547f88450f27b4b4"}
,"/home/ridho/Documents/Hacktiv8/helsinki-fox/Phase 3/Final-Project/server/models/genre.js": {"path":"/home/ridho/Documents/Hacktiv8/helsinki-fox/Phase 3/Final-Project/server/models/genre.js","statementMap":{"0":{"start":{"line":2,"column":18},"end":{"line":2,"column":38}},"1":{"start":{"line":3,"column":0},"end":{"line":27,"column":2}},"2":{"start":{"line":12,"column":6},"end":{"line":12,"column":70}},"3":{"start":{"line":15,"column":2},"end":{"line":25,"column":4}},"4":{"start":{"line":26,"column":2},"end":{"line":26,"column":15}}},"fnMap":{"0":{"name":"(anonymous_0)","decl":{"start":{"line":3,"column":17},"end":{"line":3,"column":18}},"loc":{"start":{"line":3,"column":43},"end":{"line":27,"column":1}},"line":3},"1":{"name":"(anonymous_1)","decl":{"start":{"line":10,"column":4},"end":{"line":10,"column":5}},"loc":{"start":{"line":10,"column":29},"end":{"line":13,"column":5}},"line":10}},"branchMap":{},"s":{"0":2,"1":2,"2":2,"3":2,"4":2},"f":{"0":2,"1":2},"b":{},"_coverageSchema":"1a1c01bbd47fc00a2c39e90264f33305004495a9","hash":"ba5af7efba5a8d12859d25d42af73c9992407204"}
,"/home/ridho/Documents/Hacktiv8/helsinki-fox/Phase 3/Final-Project/server/models/index.js": {"path":"/home/ridho/Documents/Hacktiv8/helsinki-fox/Phase 3/Final-Project/server/models/index.js","statementMap":{"0":{"start":{"line":3,"column":11},"end":{"line":3,"column":24}},"1":{"start":{"line":4,"column":13},"end":{"line":4,"column":28}},"2":{"start":{"line":5,"column":18},"end":{"line":5,"column":38}},"3":{"start":{"line":6,"column":17},"end":{"line":6,"column":42}},"4":{"start":{"line":7,"column":12},"end":{"line":7,"column":49}},"5":{"start":{"line":8,"column":15},"end":{"line":8,"column":63}},"6":{"start":{"line":9,"column":11},"end":{"line":9,"column":13}},"7":{"start":{"line":12,"column":0},"end":{"line":21,"column":1}},"8":{"start":{"line":13,"column":2},"end":{"line":13,"column":74}},"9":{"start":{"line":15,"column":2},"end":{"line":20,"column":4}},"10":{"start":{"line":23,"column":0},"end":{"line":35,"column":5}},"11":{"start":{"line":25,"column":4},"end":{"line":27,"column":6}},"12":{"start":{"line":30,"column":18},"end":{"line":33,"column":5}},"13":{"start":{"line":34,"column":4},"end":{"line":34,"column":27}},"14":{"start":{"line":37,"column":0},"end":{"line":41,"column":3}},"15":{"start":{"line":38,"column":2},"end":{"line":40,"column":3}},"16":{"start":{"line":39,"column":4},"end":{"line":39,"column":32}},"17":{"start":{"line":43,"column":0},"end":{"line":43,"column":25}},"18":{"start":{"line":44,"column":0},"end":{"line":44,"column":25}},"19":{"start":{"line":46,"column":0},"end":{"line":46,"column":20}}},"fnMap":{"0":{"name":"(anonymous_0)","decl":{"start":{"line":24,"column":10},"end":{"line":24,"column":11}},"loc":{"start":{"line":24,"column":20},"end":{"line":28,"column":3}},"line":24},"1":{"name":"(anonymous_1)","decl":{"start":{"line":29,"column":11},"end":{"line":29,"column":12}},"loc":{"start":{"line":29,"column":21},"end":{"line":35,"column":3}},"line":29},"2":{"name":"(anonymous_2)","decl":{"start":{"line":37,"column":24},"end":{"line":37,"column":25}},"loc":{"start":{"line":37,"column":39},"end":{"line":41,"column":1}},"line":37}},"branchMap":{"0":{"loc":{"start":{"line":7,"column":12},"end":{"line":7,"column":49}},"type":"binary-expr","locations":[{"start":{"line":7,"column":12},"end":{"line":7,"column":32}},{"start":{"line":7,"column":36},"end":{"line":7,"column":49}}],"line":7},"1":{"loc":{"start":{"line":12,"column":0},"end":{"line":21,"column":1}},"type":"if","locations":[{"start":{"line":12,"column":0},"end":{"line":21,"column":1}},{"start":{"line":12,"column":0},"end":{"line":21,"column":1}}],"line":12},"2":{"loc":{"start":{"line":26,"column":6},"end":{"line":26,"column":78}},"type":"binary-expr","locations":[{"start":{"line":26,"column":6},"end":{"line":26,"column":29}},{"start":{"line":26,"column":33},"end":{"line":26,"column":50}},{"start":{"line":26,"column":54},"end":{"line":26,"column":78}}],"line":26},"3":{"loc":{"start":{"line":38,"column":2},"end":{"line":40,"column":3}},"type":"if","locations":[{"start":{"line":38,"column":2},"end":{"line":40,"column":3}},{"start":{"line":38,"column":2},"end":{"line":40,"column":3}}],"line":38}},"s":{"0":2,"1":2,"2":2,"3":2,"4":2,"5":2,"6":2,"7":2,"8":0,"9":2,"10":2,"11":12,"12":10,"13":10,"14":2,"15":10,"16":10,"17":2,"18":2,"19":2},"f":{"0":12,"1":10,"2":10},"b":{"0":[2,0],"1":[0,2],"2":[12,12,10],"3":[10,0]},"_coverageSchema":"1a1c01bbd47fc00a2c39e90264f33305004495a9","hash":"c76ad880b9a25d5b326f9d1a93b0a7b4b102f1ec"}
,"/home/ridho/Documents/Hacktiv8/helsinki-fox/Phase 3/Final-Project/server/models/transaction.js": {"path":"/home/ridho/Documents/Hacktiv8/helsinki-fox/Phase 3/Final-Project/server/models/transaction.js","statementMap":{"0":{"start":{"line":4,"column":4},"end":{"line":4,"column":24}},"1":{"start":{"line":5,"column":0},"end":{"line":31,"column":2}},"2":{"start":{"line":16,"column":2},"end":{"line":29,"column":5}},"3":{"start":{"line":30,"column":2},"end":{"line":30,"column":21}}},"fnMap":{"0":{"name":"(anonymous_0)","decl":{"start":{"line":5,"column":17},"end":{"line":5,"column":18}},"loc":{"start":{"line":5,"column":43},"end":{"line":31,"column":1}},"line":5},"1":{"name":"(anonymous_1)","decl":{"start":{"line":12,"column":4},"end":{"line":12,"column":5}},"loc":{"start":{"line":12,"column":29},"end":{"line":14,"column":5}},"line":12}},"branchMap":{},"s":{"0":2,"1":2,"2":2,"3":2},"f":{"0":2,"1":2},"b":{},"_coverageSchema":"1a1c01bbd47fc00a2c39e90264f33305004495a9","hash":"fb25316f7eef5017f7ecf5fe02b975f3aa7606e8"}
,"/home/ridho/Documents/Hacktiv8/helsinki-fox/Phase 3/Final-Project/server/models/user.js": {"path":"/home/ridho/Documents/Hacktiv8/helsinki-fox/Phase 3/Final-Project/server/models/user.js","statementMap":{"0":{"start":{"line":2,"column":18},"end":{"line":2,"column":38}},"1":{"start":{"line":4,"column":25},"end":{"line":4,"column":53}},"2":{"start":{"line":6,"column":0},"end":{"line":104,"column":2}},"3":{"start":{"line":17,"column":2},"end":{"line":102,"column":4}},"4":{"start":{"line":98,"column":10},"end":{"line":98,"column":54}},"5":{"start":{"line":103,"column":2},"end":{"line":103,"column":14}}},"fnMap":{"0":{"name":"(anonymous_0)","decl":{"start":{"line":6,"column":17},"end":{"line":6,"column":18}},"loc":{"start":{"line":6,"column":43},"end":{"line":104,"column":1}},"line":6},"1":{"name":"(anonymous_1)","decl":{"start":{"line":13,"column":4},"end":{"line":13,"column":5}},"loc":{"start":{"line":13,"column":29},"end":{"line":15,"column":5}},"line":13},"2":{"name":"(anonymous_2)","decl":{"start":{"line":97,"column":22},"end":{"line":97,"column":23}},"loc":{"start":{"line":97,"column":37},"end":{"line":99,"column":9}},"line":97}},"branchMap":{},"s":{"0":2,"1":2,"2":2,"3":2,"4":5,"5":2},"f":{"0":2,"1":2,"2":5},"b":{},"_coverageSchema":"1a1c01bbd47fc00a2c39e90264f33305004495a9","hash":"e78f2a6bc2d9222f226d572326861891cb3f1aca"}
,"/home/ridho/Documents/Hacktiv8/helsinki-fox/Phase 3/Final-Project/server/routes/bandRouter.js": {"path":"/home/ridho/Documents/Hacktiv8/helsinki-fox/Phase 3/Final-Project/server/routes/bandRouter.js","statementMap":{"0":{"start":{"line":1,"column":15},"end":{"line":1,"column":42}},"1":{"start":{"line":2,"column":23},"end":{"line":2,"column":63}},"2":{"start":{"line":3,"column":25},"end":{"line":3,"column":65}},"3":{"start":{"line":4,"column":26},"end":{"line":4,"column":61}},"4":{"start":{"line":6,"column":0},"end":{"line":6,"column":40}},"5":{"start":{"line":7,"column":0},"end":{"line":7,"column":40}},"6":{"start":{"line":8,"column":0},"end":{"line":8,"column":25}},"7":{"start":{"line":9,"column":0},"end":{"line":9,"column":62}},"8":{"start":{"line":10,"column":0},"end":{"line":10,"column":61}},"9":{"start":{"line":12,"column":0},"end":{"line":12,"column":24}}},"fnMap":{},"branchMap":{},"s":{"0":2,"1":2,"2":2,"3":2,"4":2,"5":2,"6":2,"7":2,"8":2,"9":2},"f":{},"b":{},"_coverageSchema":"1a1c01bbd47fc00a2c39e90264f33305004495a9","hash":"3e3128c271944ba3fe490e8995c889ac411a8441"}
,"/home/ridho/Documents/Hacktiv8/helsinki-fox/Phase 3/Final-Project/server/routes/index.js": {"path":"/home/ridho/Documents/Hacktiv8/helsinki-fox/Phase 3/Final-Project/server/routes/index.js","statementMap":{"0":{"start":{"line":1,"column":15},"end":{"line":1,"column":42}},"1":{"start":{"line":2,"column":19},"end":{"line":2,"column":42}},"2":{"start":{"line":3,"column":19},"end":{"line":3,"column":42}},"3":{"start":{"line":4,"column":23},"end":{"line":4,"column":63}},"4":{"start":{"line":6,"column":0},"end":{"line":6,"column":44}},"5":{"start":{"line":7,"column":0},"end":{"line":7,"column":50}},"6":{"start":{"line":8,"column":0},"end":{"line":8,"column":33}},"7":{"start":{"line":9,"column":0},"end":{"line":9,"column":33}},"8":{"start":{"line":11,"column":0},"end":{"line":11,"column":24}}},"fnMap":{},"branchMap":{},"s":{"0":2,"1":2,"2":2,"3":2,"4":2,"5":2,"6":2,"7":2,"8":2},"f":{},"b":{},"_coverageSchema":"1a1c01bbd47fc00a2c39e90264f33305004495a9","hash":"f8611623d1cd579eae5424761506afad26cb13df"}
,"/home/ridho/Documents/Hacktiv8/helsinki-fox/Phase 3/Final-Project/server/routes/userRouter.js": {"path":"/home/ridho/Documents/Hacktiv8/helsinki-fox/Phase 3/Final-Project/server/routes/userRouter.js","statementMap":{"0":{"start":{"line":1,"column":15},"end":{"line":1,"column":42}},"1":{"start":{"line":2,"column":23},"end":{"line":2,"column":63}},"2":{"start":{"line":3,"column":25},"end":{"line":3,"column":65}},"3":{"start":{"line":5,"column":0},"end":{"line":5,"column":25}},"4":{"start":{"line":6,"column":0},"end":{"line":6,"column":44}},"5":{"start":{"line":7,"column":0},"end":{"line":7,"column":24}}},"fnMap":{},"branchMap":{},"s":{"0":2,"1":2,"2":2,"3":2,"4":2,"5":2},"f":{},"b":{},"_coverageSchema":"1a1c01bbd47fc00a2c39e90264f33305004495a9","hash":"04bd0577f6bfc149b7a61a65015e6503b59e631c"}
}
